<?xml version="1.0" encoding="utf-8"?><testsuites name="pytest tests"><testsuite name="pytest" errors="0" failures="0" skipped="0" tests="8" time="1.137" timestamp="2026-04-26T14:28:58.754923+00:00" hostname="agent-env-cdc8430e-853f-42a2-81fa-b3ad8f8bc2f2"><testcase classname="backend.tests.test_kokowa_api.TestRoot" name="test_root_message" time="0.297" /><testcase classname="backend.tests.test_kokowa_api.TestApplicationsCreate" name="test_create_valid" time="0.140" /><testcase classname="backend.tests.test_kokowa_api.TestApplicationsCreate" name="test_invalid_email_returns_422" time="0.115" /><testcase classname="backend.tests.test_kokowa_api.TestApplicationsCreate" name="test_short_challenge_returns_400" time="0.102" /><testcase classname="backend.tests.test_kokowa_api.TestApplicationsCreate" name="test_missing_required_field_returns_422" time="0.101" /><testcase classname="backend.tests.test_kokowa_api.TestApplicationsList" name="test_list_without_token_returns_401" time="0.105" /><testcase classname="backend.tests.test_kokowa_api.TestApplicationsList" name="test_list_with_invalid_token_returns_401" time="0.139" /><testcase classname="backend.tests.test_kokowa_api.TestPersistence" name="test_create_persists_in_db" time="0.107" /></testsuite></testsuites>