<?xml version="1.0" encoding="utf-8"?><testsuites name="pytest tests"><testsuite name="pytest" errors="0" failures="0" skipped="0" tests="16" time="2.424" timestamp="2026-04-26T14:38:58.266423+00:00" hostname="agent-env-cdc8430e-853f-42a2-81fa-b3ad8f8bc2f2"><testcase classname="backend.tests.test_kokowa_admin.TestIntakeLoad" name="test_intake_load_no_auth_required" time="0.200" /><testcase classname="backend.tests.test_kokowa_admin.TestIntakeLoad" name="test_intake_load_response_no_pii" time="0.119" /><testcase classname="backend.tests.test_kokowa_admin.TestApplicationStatusPatch" name="test_patch_without_token_returns_401" time="0.161" /><testcase classname="backend.tests.test_kokowa_admin.TestApplicationStatusPatch" name="test_patch_with_invalid_token_returns_401" time="0.204" /><testcase classname="backend.tests.test_kokowa_admin.TestApplicationStatusPatch" name="test_patch_with_invalid_status_returns_400" time="0.170" /><testcase classname="backend.tests.test_kokowa_admin.TestApplicationStatusPatch" name="test_patch_nonexistent_id_returns_404" time="0.149" /><testcase classname="backend.tests.test_kokowa_admin.TestApplicationStatusPatch" name="test_patch_qualified_persists" time="0.189" /><testcase classname="backend.tests.test_kokowa_admin.TestApplicationStatusPatch" name="test_patch_declined_then_back_to_pending" time="0.197" /><testcase classname="backend.tests.test_kokowa_api.TestRoot" name="test_root_message" time="0.130" /><testcase classname="backend.tests.test_kokowa_api.TestApplicationsCreate" name="test_create_valid" time="0.108" /><testcase classname="backend.tests.test_kokowa_api.TestApplicationsCreate" name="test_invalid_email_returns_422" time="0.112" /><testcase classname="backend.tests.test_kokowa_api.TestApplicationsCreate" name="test_short_challenge_returns_400" time="0.109" /><testcase classname="backend.tests.test_kokowa_api.TestApplicationsCreate" name="test_missing_required_field_returns_422" time="0.137" /><testcase classname="backend.tests.test_kokowa_api.TestApplicationsList" name="test_list_without_token_returns_401" time="0.124" /><testcase classname="backend.tests.test_kokowa_api.TestApplicationsList" name="test_list_with_invalid_token_returns_401" time="0.136" /><testcase classname="backend.tests.test_kokowa_api.TestPersistence" name="test_create_persists_in_db" time="0.138" /></testsuite></testsuites>